[debug] [2018-06-09T16:53:38.850Z] ----------------------------------------------------------------------
[debug] [2018-06-09T16:53:38.852Z] Command:       /usr/local/bin/node /usr/local/bin/firebase functions:shell
[debug] [2018-06-09T16:53:38.852Z] CLI Version:   3.18.5
[debug] [2018-06-09T16:53:38.853Z] Platform:      linux
[debug] [2018-06-09T16:53:38.853Z] Node Version:  v8.9.4
[debug] [2018-06-09T16:53:38.853Z] Time:          Sat Jun 09 2018 22:23:38 GMT+0530 (+0530)
[debug] [2018-06-09T16:53:38.853Z] ----------------------------------------------------------------------
[debug] 
[debug] [2018-06-09T16:53:38.863Z] > command requires scopes: ["email","openid","https://www.googleapis.com/auth/cloudplatformprojects.readonly","https://www.googleapis.com/auth/firebase","https://www.googleapis.com/auth/cloud-platform"]
[debug] [2018-06-09T16:53:38.863Z] > authorizing via signed-in user
[debug] [2018-06-09T16:53:38.865Z] > refreshing access token with scopes: ["email","https://www.googleapis.com/auth/cloud-platform","https://www.googleapis.com/auth/cloudplatformprojects.readonly","https://www.googleapis.com/auth/firebase","openid"]
[debug] [2018-06-09T16:53:38.865Z] >>> HTTP REQUEST POST https://www.googleapis.com/oauth2/v3/token  
 { refresh_token: '1/q7-TmQrWdg97qsNSBOx8TBwnBpa054NoC0v_C5Ih9jQ',
  client_id: '563584335869-fgrhgmd47bqnekij5i8b5pr03ho849e6.apps.googleusercontent.com',
  client_secret: 'j9iVZfS8kkCEFUPaAeJV0sAi',
  grant_type: 'refresh_token',
  scope: 'email https://www.googleapis.com/auth/cloud-platform https://www.googleapis.com/auth/cloudplatformprojects.readonly https://www.googleapis.com/auth/firebase openid' } 
 Sat Jun 09 2018 22:23:38 GMT+0530 (+0530)
[debug] [2018-06-09T16:53:43.251Z] <<< HTTP RESPONSE 200
[debug] [2018-06-09T16:53:43.255Z] >>> HTTP REQUEST GET https://admin.firebase.com/v1/projects/mobile-atm-10742  
  
 Sat Jun 09 2018 22:23:43 GMT+0530 (+0530)
[debug] [2018-06-09T16:53:47.171Z] <<< HTTP RESPONSE 200
[debug] [2018-06-09T16:53:47.172Z] >>> HTTP REQUEST GET https://admin.firebase.com/v1/database/mobile-atm-10742/tokens  
  
 Sat Jun 09 2018 22:23:47 GMT+0530 (+0530)
[debug] [2018-06-09T16:53:48.334Z] <<< HTTP RESPONSE 200
[debug] [2018-06-09T16:53:49.332Z] Error: EACCES: permission denied, mkdir '/usr/local/lib/node_modules/firebase-tools/node_modules/@google-cloud/functions-emulator/logs'
    at Object.fs.mkdirSync (fs.js:885:18)
    at Object.assertLogsPath (/usr/local/lib/node_modules/firebase-tools/node_modules/@google-cloud/functions-emulator/src/emulator/logs.js:65:10)
    at new Controller (/usr/local/lib/node_modules/firebase-tools/node_modules/@google-cloud/functions-emulator/src/cli/controller.js:77:32)
    at FunctionsEmulator.start (/usr/local/lib/node_modules/firebase-tools/lib/functionsEmulator.js:113:21)
    at Command.module.exports [as _action] (/usr/local/lib/node_modules/firebase-tools/lib/functionsShellCommandAction.js:18:6)
    at /usr/local/lib/node_modules/firebase-tools/lib/command.js:200:29
    at <anonymous>
    at process._tickDomainCallback (internal/process/next_tick.js:228:7)
[error] 
[error] Error: An unexpected error has occurred.
